{"/Users/vijay/Desktop/student app/middlewares/studentData.js": {"path":"/Users/vijay/Desktop/student app/middlewares/studentData.js","statementMap":{"0":{"start":{"line":3,"column":17},"end":{"line":3,"column":50}},"1":{"start":{"line":6,"column":2},"end":{"line":13,"column":3}},"2":{"start":{"line":7,"column":4},"end":{"line":7,"column":35}},"3":{"start":{"line":8,"column":4},"end":{"line":8,"column":25}},"4":{"start":{"line":11,"column":4},"end":{"line":11,"column":23}},"5":{"start":{"line":12,"column":4},"end":{"line":12,"column":42}},"6":{"start":{"line":17,"column":2},"end":{"line":32,"column":3}},"7":{"start":{"line":18,"column":18},"end":{"line":22,"column":6}},"8":{"start":{"line":19,"column":6},"end":{"line":21,"column":7}},"9":{"start":{"line":20,"column":8},"end":{"line":20,"column":23}},"10":{"start":{"line":23,"column":4},"end":{"line":28,"column":5}},"11":{"start":{"line":24,"column":6},"end":{"line":24,"column":44}},"12":{"start":{"line":25,"column":6},"end":{"line":25,"column":79}},"13":{"start":{"line":27,"column":6},"end":{"line":27,"column":24}},"14":{"start":{"line":30,"column":4},"end":{"line":30,"column":23}},"15":{"start":{"line":31,"column":4},"end":{"line":31,"column":50}},"16":{"start":{"line":36,"column":2},"end":{"line":69,"column":3}},"17":{"start":{"line":38,"column":32},"end":{"line":38,"column":40}},"18":{"start":{"line":39,"column":4},"end":{"line":39,"column":42}},"19":{"start":{"line":41,"column":4},"end":{"line":43,"column":5}},"20":{"start":{"line":42,"column":6},"end":{"line":42,"column":57}},"21":{"start":{"line":44,"column":4},"end":{"line":46,"column":5}},"22":{"start":{"line":45,"column":6},"end":{"line":45,"column":59}},"23":{"start":{"line":47,"column":4},"end":{"line":49,"column":5}},"24":{"start":{"line":48,"column":6},"end":{"line":48,"column":60}},"25":{"start":{"line":54,"column":18},"end":{"line":54,"column":72}},"26":{"start":{"line":54,"column":45},"end":{"line":54,"column":71}},"27":{"start":{"line":55,"column":4},"end":{"line":65,"column":5}},"28":{"start":{"line":56,"column":25},"end":{"line":60,"column":7}},"29":{"start":{"line":61,"column":6},"end":{"line":61,"column":32}},"30":{"start":{"line":62,"column":6},"end":{"line":62,"column":54}},"31":{"start":{"line":64,"column":6},"end":{"line":64,"column":53}},"32":{"start":{"line":67,"column":4},"end":{"line":67,"column":23}},"33":{"start":{"line":68,"column":4},"end":{"line":68,"column":45}},"34":{"start":{"line":73,"column":2},"end":{"line":88,"column":3}},"35":{"start":{"line":74,"column":32},"end":{"line":74,"column":40}},"36":{"start":{"line":75,"column":19},"end":{"line":75,"column":64}},"37":{"start":{"line":75,"column":46},"end":{"line":75,"column":63}},"38":{"start":{"line":76,"column":4},"end":{"line":76,"column":24}},"39":{"start":{"line":77,"column":4},"end":{"line":84,"column":5}},"40":{"start":{"line":78,"column":6},"end":{"line":78,"column":44}},"41":{"start":{"line":79,"column":6},"end":{"line":79,"column":68}},"42":{"start":{"line":81,"column":6},"end":{"line":81,"column":46}},"43":{"start":{"line":82,"column":6},"end":{"line":82,"column":50}},"44":{"start":{"line":83,"column":6},"end":{"line":83,"column":35}},"45":{"start":{"line":86,"column":4},"end":{"line":86,"column":23}},"46":{"start":{"line":87,"column":4},"end":{"line":87,"column":42}},"47":{"start":{"line":92,"column":2},"end":{"line":109,"column":3}},"48":{"start":{"line":93,"column":4},"end":{"line":95,"column":5}},"49":{"start":{"line":94,"column":6},"end":{"line":94,"column":50}},"50":{"start":{"line":96,"column":24},"end":{"line":98,"column":5}},"51":{"start":{"line":97,"column":19},"end":{"line":97,"column":56}},"52":{"start":{"line":99,"column":4},"end":{"line":105,"column":5}},"53":{"start":{"line":100,"column":6},"end":{"line":100,"column":44}},"54":{"start":{"line":101,"column":6},"end":{"line":101,"column":79}},"55":{"start":{"line":103,"column":6},"end":{"line":103,"column":38}},"56":{"start":{"line":104,"column":6},"end":{"line":104,"column":51}},"57":{"start":{"line":107,"column":4},"end":{"line":107,"column":23}},"58":{"start":{"line":108,"column":4},"end":{"line":108,"column":45}},"59":{"start":{"line":112,"column":0},"end":{"line":118,"column":2}}},"fnMap":{"0":{"name":"getAllStudentData","decl":{"start":{"line":5,"column":9},"end":{"line":5,"column":26}},"loc":{"start":{"line":5,"column":43},"end":{"line":14,"column":1}},"line":5},"1":{"name":"getStudentData","decl":{"start":{"line":16,"column":9},"end":{"line":16,"column":23}},"loc":{"start":{"line":16,"column":40},"end":{"line":33,"column":1}},"line":16},"2":{"name":"(anonymous_2)","decl":{"start":{"line":18,"column":32},"end":{"line":18,"column":33}},"loc":{"start":{"line":18,"column":45},"end":{"line":22,"column":5}},"line":18},"3":{"name":"addStudentData","decl":{"start":{"line":35,"column":9},"end":{"line":35,"column":23}},"loc":{"start":{"line":35,"column":40},"end":{"line":70,"column":1}},"line":35},"4":{"name":"(anonymous_4)","decl":{"start":{"line":54,"column":32},"end":{"line":54,"column":33}},"loc":{"start":{"line":54,"column":45},"end":{"line":54,"column":71}},"line":54},"5":{"name":"updateStudentData","decl":{"start":{"line":72,"column":9},"end":{"line":72,"column":26}},"loc":{"start":{"line":72,"column":43},"end":{"line":89,"column":1}},"line":72},"6":{"name":"(anonymous_6)","decl":{"start":{"line":75,"column":33},"end":{"line":75,"column":34}},"loc":{"start":{"line":75,"column":46},"end":{"line":75,"column":63}},"line":75},"7":{"name":"deleteStudentData","decl":{"start":{"line":91,"column":9},"end":{"line":91,"column":26}},"loc":{"start":{"line":91,"column":43},"end":{"line":110,"column":1}},"line":91},"8":{"name":"(anonymous_8)","decl":{"start":{"line":97,"column":6},"end":{"line":97,"column":7}},"loc":{"start":{"line":97,"column":19},"end":{"line":97,"column":56}},"line":97}},"branchMap":{"0":{"loc":{"start":{"line":19,"column":6},"end":{"line":21,"column":7}},"type":"if","locations":[{"start":{"line":19,"column":6},"end":{"line":21,"column":7}},{"start":{},"end":{}}],"line":19},"1":{"loc":{"start":{"line":23,"column":4},"end":{"line":28,"column":5}},"type":"if","locations":[{"start":{"line":23,"column":4},"end":{"line":28,"column":5}},{"start":{"line":26,"column":11},"end":{"line":28,"column":5}}],"line":23},"2":{"loc":{"start":{"line":41,"column":4},"end":{"line":43,"column":5}},"type":"if","locations":[{"start":{"line":41,"column":4},"end":{"line":43,"column":5}},{"start":{},"end":{}}],"line":41},"3":{"loc":{"start":{"line":44,"column":4},"end":{"line":46,"column":5}},"type":"if","locations":[{"start":{"line":44,"column":4},"end":{"line":46,"column":5}},{"start":{},"end":{}}],"line":44},"4":{"loc":{"start":{"line":47,"column":4},"end":{"line":49,"column":5}},"type":"if","locations":[{"start":{"line":47,"column":4},"end":{"line":49,"column":5}},{"start":{},"end":{}}],"line":47},"5":{"loc":{"start":{"line":55,"column":4},"end":{"line":65,"column":5}},"type":"if","locations":[{"start":{"line":55,"column":4},"end":{"line":65,"column":5}},{"start":{"line":63,"column":11},"end":{"line":65,"column":5}}],"line":55},"6":{"loc":{"start":{"line":77,"column":4},"end":{"line":84,"column":5}},"type":"if","locations":[{"start":{"line":77,"column":4},"end":{"line":84,"column":5}},{"start":{"line":80,"column":11},"end":{"line":84,"column":5}}],"line":77},"7":{"loc":{"start":{"line":81,"column":20},"end":{"line":81,"column":45}},"type":"cond-expr","locations":[{"start":{"line":81,"column":27},"end":{"line":81,"column":31}},{"start":{"line":81,"column":34},"end":{"line":81,"column":45}}],"line":81},"8":{"loc":{"start":{"line":82,"column":21},"end":{"line":82,"column":49}},"type":"cond-expr","locations":[{"start":{"line":82,"column":29},"end":{"line":82,"column":34}},{"start":{"line":82,"column":37},"end":{"line":82,"column":49}}],"line":82},"9":{"loc":{"start":{"line":93,"column":4},"end":{"line":95,"column":5}},"type":"if","locations":[{"start":{"line":93,"column":4},"end":{"line":95,"column":5}},{"start":{},"end":{}}],"line":93},"10":{"loc":{"start":{"line":99,"column":4},"end":{"line":105,"column":5}},"type":"if","locations":[{"start":{"line":99,"column":4},"end":{"line":105,"column":5}},{"start":{"line":102,"column":11},"end":{"line":105,"column":5}}],"line":99}},"s":{"0":1,"1":1,"2":1,"3":1,"4":0,"5":0,"6":7,"7":7,"8":22,"9":4,"10":7,"11":3,"12":3,"13":4,"14":0,"15":0,"16":8,"17":8,"18":8,"19":8,"20":2,"21":6,"22":1,"23":5,"24":1,"25":4,"26":12,"27":4,"28":2,"29":2,"30":2,"31":2,"32":0,"33":0,"34":10,"35":10,"36":10,"37":32,"38":10,"39":10,"40":2,"41":2,"42":8,"43":8,"44":8,"45":0,"46":0,"47":6,"48":6,"49":0,"50":6,"51":8,"52":6,"53":2,"54":2,"55":4,"56":4,"57":0,"58":0,"59":1},"f":{"0":1,"1":7,"2":22,"3":8,"4":12,"5":10,"6":32,"7":6,"8":8},"b":{"0":[4,18],"1":[3,4],"2":[2,6],"3":[1,5],"4":[1,4],"5":[2,2],"6":[2,8],"7":[4,4],"8":[4,4],"9":[0,6],"10":[2,4]},"_coverageSchema":"1a1c01bbd47fc00a2c39e90264f33305004495a9","hash":"90fac1344411f86e9d3118a0a51205c94d912574"}
,"/Users/vijay/Desktop/student app/routes/students.js": {"path":"/Users/vijay/Desktop/student app/routes/students.js","statementMap":{"0":{"start":{"line":1,"column":16},"end":{"line":1,"column":34}},"1":{"start":{"line":2,"column":17},"end":{"line":2,"column":50}},"2":{"start":{"line":3,"column":98},"end":{"line":3,"column":135}},"3":{"start":{"line":6,"column":15},"end":{"line":6,"column":31}},"4":{"start":{"line":9,"column":0},"end":{"line":9,"column":35}},"5":{"start":{"line":10,"column":0},"end":{"line":10,"column":35}},"6":{"start":{"line":12,"column":0},"end":{"line":12,"column":33}},"7":{"start":{"line":14,"column":0},"end":{"line":14,"column":38}},"8":{"start":{"line":16,"column":0},"end":{"line":16,"column":41}},"9":{"start":{"line":19,"column":0},"end":{"line":19,"column":24}}},"fnMap":{},"branchMap":{},"s":{"0":1,"1":1,"2":1,"3":1,"4":1,"5":1,"6":1,"7":1,"8":1,"9":1},"f":{},"b":{},"_coverageSchema":"1a1c01bbd47fc00a2c39e90264f33305004495a9","hash":"afe1f7030e1898ac02e06772928e9a764a417322"}
,"/Users/vijay/Desktop/student app/src/index.js": {"path":"/Users/vijay/Desktop/student app/src/index.js","statementMap":{"0":{"start":{"line":1,"column":16},"end":{"line":1,"column":34}},"1":{"start":{"line":2,"column":13},"end":{"line":2,"column":28}},"2":{"start":{"line":3,"column":15},"end":{"line":3,"column":44}},"3":{"start":{"line":4,"column":12},"end":{"line":4,"column":21}},"4":{"start":{"line":5,"column":0},"end":{"line":5,"column":16}},"5":{"start":{"line":7,"column":0},"end":{"line":7,"column":23}},"6":{"start":{"line":8,"column":0},"end":{"line":8,"column":47}},"7":{"start":{"line":10,"column":0},"end":{"line":10,"column":27}},"8":{"start":{"line":12,"column":13},"end":{"line":12,"column":17}},"9":{"start":{"line":13,"column":0},"end":{"line":13,"column":68}},"10":{"start":{"line":13,"column":22},"end":{"line":13,"column":67}},"11":{"start":{"line":15,"column":0},"end":{"line":15,"column":21}}},"fnMap":{"0":{"name":"(anonymous_0)","decl":{"start":{"line":13,"column":17},"end":{"line":13,"column":18}},"loc":{"start":{"line":13,"column":22},"end":{"line":13,"column":67}},"line":13}},"branchMap":{},"s":{"0":1,"1":1,"2":1,"3":1,"4":1,"5":1,"6":1,"7":1,"8":1,"9":1,"10":1,"11":1},"f":{"0":1},"b":{},"_coverageSchema":"1a1c01bbd47fc00a2c39e90264f33305004495a9","hash":"8f27518b4597b0db9a8435c568b1a56ea9081449"}
,"/Users/vijay/Desktop/student app/src/studentsDetails.js": {"path":"/Users/vijay/Desktop/student app/src/studentsDetails.js","statementMap":{"0":{"start":{"line":1,"column":18},"end":{"line":22,"column":1}},"1":{"start":{"line":25,"column":0},"end":{"line":25,"column":26}}},"fnMap":{},"branchMap":{},"s":{"0":1,"1":1},"f":{},"b":{},"_coverageSchema":"1a1c01bbd47fc00a2c39e90264f33305004495a9","hash":"f2cb54760b5b1cd0c2a0f10e768301f602d3797d"}
}
