TN:
SF:middlewares/studentData.js
FN:5,getAllStudentData
FN:16,getStudentData
FN:18,(anonymous_2)
FN:35,addStudentData
FN:54,(anonymous_4)
FN:72,updateStudentData
FN:75,(anonymous_6)
FN:91,deleteStudentData
FN:97,(anonymous_8)
FNF:9
FNH:9
FNDA:1,getAllStudentData
FNDA:7,getStudentData
FNDA:22,(anonymous_2)
FNDA:8,addStudentData
FNDA:12,(anonymous_4)
FNDA:10,updateStudentData
FNDA:32,(anonymous_6)
FNDA:6,deleteStudentData
FNDA:8,(anonymous_8)
DA:3,1
DA:6,1
DA:7,1
DA:8,1
DA:11,0
DA:12,0
DA:17,7
DA:18,7
DA:19,22
DA:20,4
DA:23,7
DA:24,3
DA:25,3
DA:27,4
DA:30,0
DA:31,0
DA:36,8
DA:38,8
DA:39,8
DA:41,8
DA:42,2
DA:44,6
DA:45,1
DA:47,5
DA:48,1
DA:54,12
DA:55,4
DA:56,2
DA:61,2
DA:62,2
DA:64,2
DA:67,0
DA:68,0
DA:73,10
DA:74,10
DA:75,32
DA:76,10
DA:77,10
DA:78,2
DA:79,2
DA:81,8
DA:82,8
DA:83,8
DA:86,0
DA:87,0
DA:92,6
DA:93,6
DA:94,0
DA:96,6
DA:97,8
DA:99,6
DA:100,2
DA:101,2
DA:103,4
DA:104,4
DA:107,0
DA:108,0
DA:112,1
LF:58
LH:47
BRDA:19,0,0,4
BRDA:19,0,1,18
BRDA:23,1,0,3
BRDA:23,1,1,4
BRDA:41,2,0,2
BRDA:41,2,1,6
BRDA:44,3,0,1
BRDA:44,3,1,5
BRDA:47,4,0,1
BRDA:47,4,1,4
BRDA:55,5,0,2
BRDA:55,5,1,2
BRDA:77,6,0,2
BRDA:77,6,1,8
BRDA:81,7,0,4
BRDA:81,7,1,4
BRDA:82,8,0,4
BRDA:82,8,1,4
BRDA:93,9,0,0
BRDA:93,9,1,6
BRDA:99,10,0,2
BRDA:99,10,1,4
BRF:22
BRH:21
end_of_record
TN:
SF:routes/students.js
FNF:0
FNH:0
DA:1,1
DA:2,1
DA:3,1
DA:6,1
DA:9,1
DA:10,1
DA:12,1
DA:14,1
DA:16,1
DA:19,1
LF:10
LH:10
BRF:0
BRH:0
end_of_record
TN:
SF:src/index.js
FN:13,(anonymous_0)
FNF:1
FNH:1
FNDA:1,(anonymous_0)
DA:1,1
DA:2,1
DA:3,1
DA:4,1
DA:5,1
DA:7,1
DA:8,1
DA:10,1
DA:12,1
DA:13,1
DA:15,1
LF:11
LH:11
BRF:0
BRH:0
end_of_record
TN:
SF:src/studentsDetails.js
FNF:0
FNH:0
DA:1,1
DA:25,1
LF:2
LH:2
BRF:0
BRH:0
end_of_record
